Flutter crash report; please file at https://github.com/flutter/flutter/issues.

## command

flutter --no-color test --machine --plain-name end to end test test\FrostLibrary_test.dart

## exception

UnsupportedError: Unsupported operation: Illegal character in path: packages:FrostLibrary

```
#0      _Uri._checkWindowsPathReservedCharacters (dart:core/uri.dart:1734:11)
#1      _Uri._toWindowsFilePath (dart:core/uri.dart:2766:7)
#2      _Uri.toFilePath (dart:core/uri.dart:2738:22)
#3      _parseAssetsFromFolder (package:flutter_tools/src/asset.dart:663:27)
#4      _parseAssets (package:flutter_tools/src/asset.dart:621:7)
#5      _ManifestAssetBundle.build (package:flutter_tools/src/asset.dart:158:53)
#6      TestCommand._buildTestAsset (package:flutter_tools/src/commands/test.dart:287:41)
#7      TestCommand.runCommand (package:flutter_tools/src/commands/test.dart:166:13)
<asynchronous suspension>
#8      FlutterCommand.verifyThenRunCommand (package:flutter_tools/src/runner/flutter_command.dart:723:18)
#9      _rootRunUnary (dart:async/zone.dart:1192:38)
#10     _CustomZone.runUnary (dart:async/zone.dart:1085:19)
#11     _FutureListener.handleValue (dart:async/future_impl.dart:141:18)
#12     Future._propagateToListeners.handleValueCallback (dart:async/future_impl.dart:682:45)
#13     Future._propagateToListeners (dart:async/future_impl.dart:711:32)
#14     Future._completeWithValue (dart:async/future_impl.dart:526:5)
#15     Future._asyncComplete.<anonymous closure> (dart:async/future_impl.dart:556:7)
#16     _rootRun (dart:async/zone.dart:1184:13)
#17     _CustomZone.run (dart:async/zone.dart:1077:19)
#18     _CustomZone.runGuarded (dart:async/zone.dart:979:7)
#19     _CustomZone.bindCallbackGuarded.<anonymous closure> (dart:async/zone.dart:1019:23)
#20     _microtaskLoop (dart:async/schedule_microtask.dart:43:21)
#21     _startMicrotaskLoop (dart:async/schedule_microtask.dart:52:5)
#22     _runPendingImmediateCallback (dart:isolate-patch/isolate_patch.dart:118:13)
#23     _RawReceivePortImpl._handleMessage (dart:isolate-patch/isolate_patch.dart:169:5)
```

## flutter doctor

```
[✓] Flutter (Channel stable, v1.17.5, on Microsoft Windows [Version 10.0.18362.900], locale en-US)
    • Flutter version 1.17.5 at C:\Users\nh1ad\flutter
    • Framework revision 8af6b2f038 (11 days ago), 2020-06-30 12:53:55 -0700
    • Engine revision ee76268252
    • Dart version 2.8.4

[✓] Android toolchain - develop for Android devices (Android SDK version 29.0.2)
    • Android SDK at C:\Users\nh1ad\AppData\Local\Android\sdk
    • Platform android-29, build-tools 29.0.2
    • Java binary at: C:\Program Files\Android\Android Studio1\jre\bin\java
    • Java version OpenJDK Runtime Environment (build 1.8.0_242-release-1644-b01)
    • All Android licenses accepted.

[✓] Android Studio (version 4.0)
    • Android Studio at C:\Program Files\Android\Android Studio1
    • Flutter plugin version 47.1.2
    • Dart plugin version 193.7361
    • Java version OpenJDK Runtime Environment (build 1.8.0_242-release-1644-b01)

[!] VS Code (version 1.32.3)
    • VS Code at C:\Users\nh1ad\AppData\Local\Programs\Microsoft VS Code
    ✗ Flutter extension not installed; install from
      https://marketplace.visualstudio.com/items?itemName=Dart-Code.flutter

[✓] Connected device (1 available)
    • Android SDK built for x86 • emulator-5554 • android-x86 • Android 10 (API 29) (emulator)

! Doctor found issues in 1 category.
```
